<?xml version="1.0" encoding="UTF-8"?>
<!-- Generated by org.testng.reporters.JUnitReportReporter -->
<testsuite hostname="DESKTOP-BNJMOR4" failures="0" tests="2" name="tests.LoginTest" time="5.774" errors="0" timestamp="2022-08-02T16:10:16 IST" skipped="0">
  <testcase classname="tests.LoginTest" name="verifybuttontext" time="0.090"/>
  <system-out/>
  <testcase classname="tests.LoginTest" name="login" time="5.684"/>
  <system-out/>
</testsuite> <!-- tests.LoginTest -->
